;  LST file generated by mikroListExporter - v.2.0 
; Date/Time: 8/6/2024 12:02:38 PM
;----------------------------------------------

;Address Opcode 	ASM
0x0000	0x2816      	GOTO       22
_____DoICP:
;__Lib_System.c,6 :: 		
;__Lib_System.c,9 :: 		
0x0003	0x1283      	BCF        STATUS, 5
0x0004	0x1303      	BCF        STATUS, 6
0x0005	0x0827      	MOVF       ___DoICPAddr+1, 0
0x0006	0x008A      	MOVWF      PCLATH
;__Lib_System.c,10 :: 		
0x0007	0x0826      	MOVF       ___DoICPAddr, 0
0x0008	0x0082      	MOVWF      PCL
;__Lib_System.c,12 :: 		
L_end_____DoICP:
0x0009	0x0008      	RETURN
; end of _____DoICP
___CC2DW:
;__Lib_System.c,134 :: 		
;__Lib_System.c,137 :: 		
_CC2D_Loop1:
;__Lib_System.c,139 :: 		
0x000A	0x2003      	CALL       _____DoICP
0x000B	0x118A      	BCF        PCLATH, 3
0x000C	0x120A      	BCF        PCLATH, 4
;__Lib_System.c,141 :: 		
0x000D	0x0080      	MOVWF      INDF
;__Lib_System.c,142 :: 		
0x000E	0x0A84      	INCF       FSR, 1
;__Lib_System.c,143 :: 		
0x000F	0x0AA6      	INCF       ___DoICPAddr, 1
;__Lib_System.c,145 :: 		
0x0010	0x1903      	BTFSC      STATUS, 2
;__Lib_System.c,146 :: 		
0x0011	0x0AA7      	INCF       ___DoICPAddr+1, 1
;__Lib_System.c,147 :: 		
0x0012	0x03F0      	DECF       R0, 1
;__Lib_System.c,149 :: 		
0x0013	0x1D03      	BTFSS      STATUS, 2
;__Lib_System.c,150 :: 		
0x0014	0x280A      	GOTO       _CC2D_Loop1
;__Lib_System.c,152 :: 		
L_end___CC2DW:
0x0015	0x0008      	RETURN
; end of ___CC2DW
_main:
0x0016	0x1283      	BCF        STATUS, 5
0x0017	0x1303      	BCF        STATUS, 6
0x0018	0x01A0      	CLRF       _count3
0x0019	0x01A1      	CLRF       33
0x001A	0x01A2      	CLRF       _count2
0x001B	0x01A3      	CLRF       35
0x001C	0x01A4      	CLRF       _count
0x001D	0x01A5      	CLRF       37
;Final.c,12 :: 		void main() {
;Final.c,13 :: 		adcon1=0x07;
0x001E	0x3007      	MOVLW      7
0x001F	0x1683      	BSF        STATUS, 5
0x0020	0x009F      	MOVWF      ADCON1
;Final.c,14 :: 		trisc=0b00110000;
0x0021	0x3030      	MOVLW      48
0x0022	0x0087      	MOVWF      TRISC
;Final.c,15 :: 		trisa=1;
0x0023	0x3001      	MOVLW      1
0x0024	0x0085      	MOVWF      TRISA
;Final.c,16 :: 		trisb=0;
0x0025	0x0186      	CLRF       TRISB
;Final.c,17 :: 		trisd=0;
0x0026	0x0188      	CLRF       TRISD
;Final.c,18 :: 		portc=15;
0x0027	0x300F      	MOVLW      15
0x0028	0x1283      	BCF        STATUS, 5
0x0029	0x0087      	MOVWF      PORTC
;Final.c,19 :: 		Display=0;
0x002A	0x0186      	CLRF       PORTB
;Final.c,20 :: 		portd=0;
0x002B	0x0188      	CLRF       PORTD
;Final.c,22 :: 		for( ; ; ){
L_main0:
;Final.c,23 :: 		if(SW_M_A==0){
0x002C	0x1A07      	BTFSC      PORTC, 4
0x002D	0x28D4      	GOTO       L_main3
;Final.c,24 :: 		portd=0;
0x002E	0x0188      	CLRF       PORTD
;Final.c,25 :: 		for(count=0;count<=3;count++){
0x002F	0x01A4      	CLRF       _count
0x0030	0x01A5      	CLRF       _count+1
L_main4:
0x0031	0x3080      	MOVLW      128
0x0032	0x00F0      	MOVWF      R0
0x0033	0x3080      	MOVLW      128
0x0034	0x0625      	XORWF      _count+1, 0
0x0035	0x0270      	SUBWF      R0, 0
0x0036	0x1D03      	BTFSS      STATUS, 2
0x0037	0x283A      	GOTO       L__main55
0x0038	0x0824      	MOVF       _count, 0
0x0039	0x3C03      	SUBLW      3
L__main55:
0x003A	0x1C03      	BTFSS      STATUS, 0
0x003B	0x28D3      	GOTO       L_main5
;Final.c,26 :: 		Display=count;
0x003C	0x0824      	MOVF       _count, 0
0x003D	0x0086      	MOVWF      PORTB
;Final.c,27 :: 		for(count2=0;count2<=9;count2++){
0x003E	0x01A2      	CLRF       _count2
0x003F	0x01A3      	CLRF       _count2+1
L_main7:
0x0040	0x3080      	MOVLW      128
0x0041	0x00F0      	MOVWF      R0
0x0042	0x3080      	MOVLW      128
0x0043	0x0623      	XORWF      _count2+1, 0
0x0044	0x0270      	SUBWF      R0, 0
0x0045	0x1D03      	BTFSS      STATUS, 2
0x0046	0x2849      	GOTO       L__main56
0x0047	0x0822      	MOVF       _count2, 0
0x0048	0x3C09      	SUBLW      9
L__main56:
0x0049	0x1C03      	BTFSS      STATUS, 0
0x004A	0x28CB      	GOTO       L_main8
;Final.c,28 :: 		Display=(count2<<4) | count;
0x004B	0x3004      	MOVLW      4
0x004C	0x00F1      	MOVWF      R1
0x004D	0x0822      	MOVF       _count2, 0
0x004E	0x00F0      	MOVWF      R0
0x004F	0x0871      	MOVF       R1, 0
L__main57:
0x0050	0x1903      	BTFSC      STATUS, 2
0x0051	0x2856      	GOTO       L__main58
0x0052	0x0DF0      	RLF        R0, 1
0x0053	0x1070      	BCF        R0, 0
0x0054	0x3EFF      	ADDLW      255
0x0055	0x2850      	GOTO       L__main57
L__main58:
0x0056	0x0824      	MOVF       _count, 0
0x0057	0x0470      	IORWF      R0, 0
0x0058	0x0086      	MOVWF      PORTB
;Final.c,29 :: 		if(count==0 && count2==0) {LED_GREEN1=1;  LED_RED2=1;}
0x0059	0x3000      	MOVLW      0
0x005A	0x0625      	XORWF      _count+1, 0
0x005B	0x1D03      	BTFSS      STATUS, 2
0x005C	0x285F      	GOTO       L__main59
0x005D	0x3000      	MOVLW      0
0x005E	0x0624      	XORWF      _count, 0
L__main59:
0x005F	0x1D03      	BTFSS      STATUS, 2
0x0060	0x286B      	GOTO       L_main12
0x0061	0x3000      	MOVLW      0
0x0062	0x0623      	XORWF      _count2+1, 0
0x0063	0x1D03      	BTFSS      STATUS, 2
0x0064	0x2867      	GOTO       L__main60
0x0065	0x3000      	MOVLW      0
0x0066	0x0622      	XORWF      _count2, 0
L__main60:
0x0067	0x1D03      	BTFSS      STATUS, 2
0x0068	0x286B      	GOTO       L_main12
L__main53:
0x0069	0x1508      	BSF        PORTD, 2
0x006A	0x1588      	BSF        PORTD, 3
L_main12:
;Final.c,30 :: 		if(count==2 && count2==0) {LED_GREEN1=0; LED_RED1=0;LED_YELLOW1=1;}
0x006B	0x3000      	MOVLW      0
0x006C	0x0625      	XORWF      _count+1, 0
0x006D	0x1D03      	BTFSS      STATUS, 2
0x006E	0x2871      	GOTO       L__main61
0x006F	0x3002      	MOVLW      2
0x0070	0x0624      	XORWF      _count, 0
L__main61:
0x0071	0x1D03      	BTFSS      STATUS, 2
0x0072	0x287E      	GOTO       L_main15
0x0073	0x3000      	MOVLW      0
0x0074	0x0623      	XORWF      _count2+1, 0
0x0075	0x1D03      	BTFSS      STATUS, 2
0x0076	0x2879      	GOTO       L__main62
0x0077	0x3000      	MOVLW      0
0x0078	0x0622      	XORWF      _count2, 0
L__main62:
0x0079	0x1D03      	BTFSS      STATUS, 2
0x007A	0x287E      	GOTO       L_main15
L__main52:
0x007B	0x1108      	BCF        PORTD, 2
0x007C	0x1008      	BCF        PORTD, 0
0x007D	0x1488      	BSF        PORTD, 1
L_main15:
;Final.c,31 :: 		if(count==2 && count2==3) {LED_RED1=1; LED_YELLOW2=1; LED_YELLOW1=0; LED_RED2=0; }
0x007E	0x3000      	MOVLW      0
0x007F	0x0625      	XORWF      _count+1, 0
0x0080	0x1D03      	BTFSS      STATUS, 2
0x0081	0x2884      	GOTO       L__main63
0x0082	0x3002      	MOVLW      2
0x0083	0x0624      	XORWF      _count, 0
L__main63:
0x0084	0x1D03      	BTFSS      STATUS, 2
0x0085	0x2892      	GOTO       L_main18
0x0086	0x3000      	MOVLW      0
0x0087	0x0623      	XORWF      _count2+1, 0
0x0088	0x1D03      	BTFSS      STATUS, 2
0x0089	0x288C      	GOTO       L__main64
0x008A	0x3003      	MOVLW      3
0x008B	0x0622      	XORWF      _count2, 0
L__main64:
0x008C	0x1D03      	BTFSS      STATUS, 2
0x008D	0x2892      	GOTO       L_main18
L__main51:
0x008E	0x1408      	BSF        PORTD, 0
0x008F	0x1608      	BSF        PORTD, 4
0x0090	0x1088      	BCF        PORTD, 1
0x0091	0x1188      	BCF        PORTD, 3
L_main18:
;Final.c,32 :: 		if(count==2 && count2==6) {LED_GREEN2=1; LED_YELLOW2=0;}
0x0092	0x3000      	MOVLW      0
0x0093	0x0625      	XORWF      _count+1, 0
0x0094	0x1D03      	BTFSS      STATUS, 2
0x0095	0x2898      	GOTO       L__main65
0x0096	0x3002      	MOVLW      2
0x0097	0x0624      	XORWF      _count, 0
L__main65:
0x0098	0x1D03      	BTFSS      STATUS, 2
0x0099	0x28A4      	GOTO       L_main21
0x009A	0x3000      	MOVLW      0
0x009B	0x0623      	XORWF      _count2+1, 0
0x009C	0x1D03      	BTFSS      STATUS, 2
0x009D	0x28A0      	GOTO       L__main66
0x009E	0x3006      	MOVLW      6
0x009F	0x0622      	XORWF      _count2, 0
L__main66:
0x00A0	0x1D03      	BTFSS      STATUS, 2
0x00A1	0x28A4      	GOTO       L_main21
L__main50:
0x00A2	0x1688      	BSF        PORTD, 5
0x00A3	0x1208      	BCF        PORTD, 4
L_main21:
;Final.c,33 :: 		delay_ms(Wait);
0x00A4	0x300B      	MOVLW      11
0x00A5	0x00FB      	MOVWF      R11
0x00A6	0x3026      	MOVLW      38
0x00A7	0x00FC      	MOVWF      R12
0x00A8	0x305D      	MOVLW      93
0x00A9	0x00FD      	MOVWF      R13
L_main22:
0x00AA	0x0BFD      	DECFSZ     R13, 1
0x00AB	0x28AA      	GOTO       L_main22
0x00AC	0x0BFC      	DECFSZ     R12, 1
0x00AD	0x28AA      	GOTO       L_main22
0x00AE	0x0BFB      	DECFSZ     R11, 1
0x00AF	0x28AA      	GOTO       L_main22
0x00B0	0x0000      	NOP
0x00B1	0x0000      	NOP
;Final.c,34 :: 		if(SW_M_A==1) {portd=0;break;}
0x00B2	0x1E07      	BTFSS      PORTC, 4
0x00B3	0x28B6      	GOTO       L_main23
0x00B4	0x0188      	CLRF       PORTD
0x00B5	0x28CB      	GOTO       L_main8
L_main23:
;Final.c,35 :: 		if(count==3 && count2==7 )break;
0x00B6	0x3000      	MOVLW      0
0x00B7	0x0625      	XORWF      _count+1, 0
0x00B8	0x1D03      	BTFSS      STATUS, 2
0x00B9	0x28BC      	GOTO       L__main67
0x00BA	0x3003      	MOVLW      3
0x00BB	0x0624      	XORWF      _count, 0
L__main67:
0x00BC	0x1D03      	BTFSS      STATUS, 2
0x00BD	0x28C7      	GOTO       L_main26
0x00BE	0x3000      	MOVLW      0
0x00BF	0x0623      	XORWF      _count2+1, 0
0x00C0	0x1D03      	BTFSS      STATUS, 2
0x00C1	0x28C4      	GOTO       L__main68
0x00C2	0x3007      	MOVLW      7
0x00C3	0x0622      	XORWF      _count2, 0
L__main68:
0x00C4	0x1D03      	BTFSS      STATUS, 2
0x00C5	0x28C7      	GOTO       L_main26
L__main49:
0x00C6	0x28CB      	GOTO       L_main8
L_main26:
;Final.c,27 :: 		for(count2=0;count2<=9;count2++){
0x00C7	0x0AA2      	INCF       _count2, 1
0x00C8	0x1903      	BTFSC      STATUS, 2
0x00C9	0x0AA3      	INCF       _count2+1, 1
;Final.c,36 :: 		}
0x00CA	0x2840      	GOTO       L_main7
L_main8:
;Final.c,37 :: 		if(SW_M_A==1) { portd=0;break;}
0x00CB	0x1E07      	BTFSS      PORTC, 4
0x00CC	0x28CF      	GOTO       L_main27
0x00CD	0x0188      	CLRF       PORTD
0x00CE	0x28D3      	GOTO       L_main5
L_main27:
;Final.c,25 :: 		for(count=0;count<=3;count++){
0x00CF	0x0AA4      	INCF       _count, 1
0x00D0	0x1903      	BTFSC      STATUS, 2
0x00D1	0x0AA5      	INCF       _count+1, 1
;Final.c,38 :: 		}
0x00D2	0x2831      	GOTO       L_main4
L_main5:
;Final.c,39 :: 		}
0x00D3	0x294C      	GOTO       L_main28
L_main3:
;Final.c,43 :: 		Display=0;
0x00D4	0x0186      	CLRF       PORTB
;Final.c,45 :: 		if (SW_M==0){  //West Street
0x00D5	0x1A87      	BTFSC      PORTC, 5
0x00D6	0x2912      	GOTO       L_main29
;Final.c,46 :: 		LED_GREEN2=0;   LED_RED1=0;
0x00D7	0x1288      	BCF        PORTD, 5
0x00D8	0x1008      	BCF        PORTD, 0
;Final.c,47 :: 		LED_YELLOW2=1;  LED_YELLOW1=1;
0x00D9	0x1608      	BSF        PORTD, 4
0x00DA	0x1488      	BSF        PORTD, 1
;Final.c,48 :: 		for(count3=0;count3<4;count3++){Display=count3<<4;delay_ms(Wait);}
0x00DB	0x01A0      	CLRF       _count3
0x00DC	0x01A1      	CLRF       _count3+1
L_main30:
0x00DD	0x3080      	MOVLW      128
0x00DE	0x0621      	XORWF      _count3+1, 0
0x00DF	0x00F0      	MOVWF      R0
0x00E0	0x3080      	MOVLW      128
0x00E1	0x0270      	SUBWF      R0, 0
0x00E2	0x1D03      	BTFSS      STATUS, 2
0x00E3	0x28E6      	GOTO       L__main69
0x00E4	0x3004      	MOVLW      4
0x00E5	0x0220      	SUBWF      _count3, 0
L__main69:
0x00E6	0x1803      	BTFSC      STATUS, 0
0x00E7	0x2907      	GOTO       L_main31
0x00E8	0x3004      	MOVLW      4
0x00E9	0x00F1      	MOVWF      R1
0x00EA	0x0820      	MOVF       _count3, 0
0x00EB	0x00F0      	MOVWF      R0
0x00EC	0x0871      	MOVF       R1, 0
L__main70:
0x00ED	0x1903      	BTFSC      STATUS, 2
0x00EE	0x28F3      	GOTO       L__main71
0x00EF	0x0DF0      	RLF        R0, 1
0x00F0	0x1070      	BCF        R0, 0
0x00F1	0x3EFF      	ADDLW      255
0x00F2	0x28ED      	GOTO       L__main70
L__main71:
0x00F3	0x0870      	MOVF       R0, 0
0x00F4	0x0086      	MOVWF      PORTB
0x00F5	0x300B      	MOVLW      11
0x00F6	0x00FB      	MOVWF      R11
0x00F7	0x3026      	MOVLW      38
0x00F8	0x00FC      	MOVWF      R12
0x00F9	0x305D      	MOVLW      93
0x00FA	0x00FD      	MOVWF      R13
L_main33:
0x00FB	0x0BFD      	DECFSZ     R13, 1
0x00FC	0x28FB      	GOTO       L_main33
0x00FD	0x0BFC      	DECFSZ     R12, 1
0x00FE	0x28FB      	GOTO       L_main33
0x00FF	0x0BFB      	DECFSZ     R11, 1
0x0100	0x28FB      	GOTO       L_main33
0x0101	0x0000      	NOP
0x0102	0x0000      	NOP
0x0103	0x0AA0      	INCF       _count3, 1
0x0104	0x1903      	BTFSC      STATUS, 2
0x0105	0x0AA1      	INCF       _count3+1, 1
0x0106	0x28DD      	GOTO       L_main30
L_main31:
;Final.c,49 :: 		Display=0;
0x0107	0x0186      	CLRF       PORTB
;Final.c,50 :: 		LED_YELLOW2=0;  LED_YELLOW1=0;
0x0108	0x1208      	BCF        PORTD, 4
0x0109	0x1088      	BCF        PORTD, 1
;Final.c,51 :: 		LED_GREEN1=1;  LED_RED2=1;
0x010A	0x1508      	BSF        PORTD, 2
0x010B	0x1588      	BSF        PORTD, 3
;Final.c,52 :: 		while(SW_M==0 && SW_M_A==1);
L_main34:
0x010C	0x1A87      	BTFSC      PORTC, 5
0x010D	0x2911      	GOTO       L_main35
0x010E	0x1E07      	BTFSS      PORTC, 4
0x010F	0x2911      	GOTO       L_main35
L__main48:
0x0110	0x290C      	GOTO       L_main34
L_main35:
;Final.c,53 :: 		}
0x0111	0x294C      	GOTO       L_main38
L_main29:
;Final.c,55 :: 		LED_GREEN1=0;   LED_RED2=0;
0x0112	0x1108      	BCF        PORTD, 2
0x0113	0x1188      	BCF        PORTD, 3
;Final.c,56 :: 		LED_YELLOW2=1;  LED_YELLOW1=1;
0x0114	0x1608      	BSF        PORTD, 4
0x0115	0x1488      	BSF        PORTD, 1
;Final.c,57 :: 		for(count3=0;count3<4;count3++){Display=count3<<4;delay_ms(Wait);}
0x0116	0x01A0      	CLRF       _count3
0x0117	0x01A1      	CLRF       _count3+1
L_main39:
0x0118	0x3080      	MOVLW      128
0x0119	0x0621      	XORWF      _count3+1, 0
0x011A	0x00F0      	MOVWF      R0
0x011B	0x3080      	MOVLW      128
0x011C	0x0270      	SUBWF      R0, 0
0x011D	0x1D03      	BTFSS      STATUS, 2
0x011E	0x2921      	GOTO       L__main72
0x011F	0x3004      	MOVLW      4
0x0120	0x0220      	SUBWF      _count3, 0
L__main72:
0x0121	0x1803      	BTFSC      STATUS, 0
0x0122	0x2942      	GOTO       L_main40
0x0123	0x3004      	MOVLW      4
0x0124	0x00F1      	MOVWF      R1
0x0125	0x0820      	MOVF       _count3, 0
0x0126	0x00F0      	MOVWF      R0
0x0127	0x0871      	MOVF       R1, 0
L__main73:
0x0128	0x1903      	BTFSC      STATUS, 2
0x0129	0x292E      	GOTO       L__main74
0x012A	0x0DF0      	RLF        R0, 1
0x012B	0x1070      	BCF        R0, 0
0x012C	0x3EFF      	ADDLW      255
0x012D	0x2928      	GOTO       L__main73
L__main74:
0x012E	0x0870      	MOVF       R0, 0
0x012F	0x0086      	MOVWF      PORTB
0x0130	0x300B      	MOVLW      11
0x0131	0x00FB      	MOVWF      R11
0x0132	0x3026      	MOVLW      38
0x0133	0x00FC      	MOVWF      R12
0x0134	0x305D      	MOVLW      93
0x0135	0x00FD      	MOVWF      R13
L_main42:
0x0136	0x0BFD      	DECFSZ     R13, 1
0x0137	0x2936      	GOTO       L_main42
0x0138	0x0BFC      	DECFSZ     R12, 1
0x0139	0x2936      	GOTO       L_main42
0x013A	0x0BFB      	DECFSZ     R11, 1
0x013B	0x2936      	GOTO       L_main42
0x013C	0x0000      	NOP
0x013D	0x0000      	NOP
0x013E	0x0AA0      	INCF       _count3, 1
0x013F	0x1903      	BTFSC      STATUS, 2
0x0140	0x0AA1      	INCF       _count3+1, 1
0x0141	0x2918      	GOTO       L_main39
L_main40:
;Final.c,58 :: 		Display=0;
0x0142	0x0186      	CLRF       PORTB
;Final.c,59 :: 		LED_YELLOW2=0;  LED_YELLOW1=0;
0x0143	0x1208      	BCF        PORTD, 4
0x0144	0x1088      	BCF        PORTD, 1
;Final.c,60 :: 		LED_GREEN2=1;   LED_RED1=1;
0x0145	0x1688      	BSF        PORTD, 5
0x0146	0x1408      	BSF        PORTD, 0
;Final.c,61 :: 		while(SW_M==1 && SW_M_A==1);
L_main43:
0x0147	0x1E87      	BTFSS      PORTC, 5
0x0148	0x294C      	GOTO       L_main44
0x0149	0x1E07      	BTFSS      PORTC, 4
0x014A	0x294C      	GOTO       L_main44
L__main47:
0x014B	0x2947      	GOTO       L_main43
L_main44:
;Final.c,62 :: 		}
L_main38:
;Final.c,63 :: 		}
L_main28:
;Final.c,102 :: 		}
0x014C	0x282C      	GOTO       L_main0
;Final.c,107 :: 		}
L_end_main:
0x014D	0x294D      	GOTO       $+0
; end of _main
Symbol List:
//** Routines locations **
//ADDRESS    SIZE    PROCEDURE
//----------------------------------------------
0x0003       [7]    _____DoICP
0x000A      [12]    ___CC2DW
0x0016     [312]    _main
//** Variables locations ** 
//ADDRESS    SIZE    VARIABLE
//----------------------------------------------
0x0000       [1]    INDF
0x0002       [1]    PCL
0x0003       [1]    STATUS
0x0004       [1]    FSR
0x0006       [1]    PORTB
0x0007       [1]    PORTC
0x0008       [1]    PORTD
0x000A       [1]    PCLATH
0x0020       [2]    _count3
0x0022       [2]    _count2
0x0024       [2]    _count
0x0026       [2]    ___DoICPAddr
0x0070       [1]    R0
0x0071       [1]    R1
0x0072       [1]    R2
0x0073       [1]    R3
0x0074       [1]    R4
0x0075       [1]    R5
0x0076       [1]    R6
0x0077       [1]    R7
0x0078       [1]    R8
0x0079       [1]    R9
0x007A       [1]    R10
0x007B       [1]    R11
0x007C       [1]    R12
0x007D       [1]    R13
0x007E       [1]    R14
0x007F       [1]    R15
0x0085       [1]    TRISA
0x0086       [1]    TRISB
0x0087       [1]    TRISC
0x0088       [1]    TRISD
0x009F       [1]    ADCON1
